<?xml version="1.0" encoding="UTF-8"?>
<!-- Generated by org.testng.reporters.JUnitReportReporter -->
<testsuite hostname="DESKTOP-KFTQOPI" name="testcases.loginCases" tests="1" failures="0" timestamp="29 Jul 2018 06:54:08 GMT" time="14.534" errors="0">
  <testcase name="loginRight" time="14.534" classname="testcases.loginCases"/>
</testsuite> <!-- testcases.loginCases -->
